<?xml version="1.0" encoding="UTF-8"?>
<testng-results skipped="0" failed="0" ignored="0" total="2" passed="2">
  <reporter-output>
  </reporter-output>
  <suite name="Default Suite" duration-ms="15933" started-at="2022-10-19T19:39:03 WIB" finished-at="2022-10-19T19:39:19 WIB">
    <groups>
    </groups>
    <test name="TestNGDemo_Maven" duration-ms="15933" started-at="2022-10-19T19:39:03 WIB" finished-at="2022-10-19T19:39:19 WIB">
      <class name="TestCases">
        <test-method status="PASS" signature="Test1()[pri:1, instance:TestCases@cb644e]" name="Test1" duration-ms="15907" started-at="2022-10-19T19:39:03 WIB" finished-at="2022-10-19T19:39:19 WIB">
          <reporter-output>
          </reporter-output>
        </test-method> <!-- Test1 -->
        <test-method status="PASS" signature="Test2()[pri:2, instance:TestCases@cb644e]" name="Test2" duration-ms="1" started-at="2022-10-19T19:39:19 WIB" finished-at="2022-10-19T19:39:19 WIB">
          <reporter-output>
          </reporter-output>
        </test-method> <!-- Test2 -->
      </class> <!-- TestCases -->
    </test> <!-- TestNGDemo_Maven -->
  </suite> <!-- Default Suite -->
</testng-results>
